<?xml version="1.0" encoding="UTF-8"?>
<!-- Generated by org.testng.reporters.JUnitXMLReporter -->
<testsuite ignored="0" hostname="LAPTOP-ATNFO35U" failures="0" tests="13" name=" FACEBOOK App Test Cases" time="77.815" errors="0" timestamp="16 Feb 2023 10:25:47 GMT">
  <testcase classname="com.fb.test.HomePageTest" name="@BeforeMethod setUp" time="7.953">
    <failure type="org.openqa.selenium.WebDriverException" message="unknown error: net::ERR_NAME_NOT_RESOLVED
  (Session info: chrome=109.0.5414.120)
Build info: version: &amp;apos;3.14.0&amp;apos;, revision: &amp;apos;aacccce0&amp;apos;, time: &amp;apos;2018-08-02T20:19:58.91Z&amp;apos;
System info: host: &amp;apos;LAPTOP-ATNFO35U&amp;apos;, ip: &amp;apos;192.168.1.3&amp;apos;, os.name: &amp;apos;Windows 11&amp;apos;, os.arch: &amp;apos;amd64&amp;apos;, os.version: &amp;apos;10.0&amp;apos;, java.version: &amp;apos;17.0.5&amp;apos;
Driver info: org.openqa.selenium.chrome.ChromeDriver
Capabilities {acceptInsecureCerts: false, browserName: chrome, browserVersion: 109.0.5414.120, chrome: {chromedriverVersion: 109.0.5414.74 (e7c5703604da..., userDataDir: C:\Users\devik\AppData\Loca...}, goog:chromeOptions: {debuggerAddress: localhost:58678}, javascriptEnabled: true, networkConnectionEnabled: false, pageLoadStrategy: normal, platform: WINDOWS, platformName: WINDOWS, proxy: Proxy(), setWindowRect: true, strictFileInteractability: false, timeouts: {implicit: 0, pageLoad: 300000, script: 30000}, unhandledPromptBehavior: dismiss and notify, webauthn:extension:credBlob: true, webauthn:extension:largeBlob: true, webauthn:virtualAuthenticators: true}
Session ID: 15c97cadb442658af3dc3707463cd888">
      <![CDATA[org.openqa.selenium.WebDriverException: unknown error: net::ERR_NAME_NOT_RESOLVED
  (Session info: chrome=109.0.5414.120)
Build info: version: '3.14.0', revision: 'aacccce0', time: '2018-08-02T20:19:58.91Z'
System info: host: 'LAPTOP-ATNFO35U', ip: '192.168.1.3', os.name: 'Windows 11', os.arch: 'amd64', os.version: '10.0', java.version: '17.0.5'
Driver info: org.openqa.selenium.chrome.ChromeDriver
Capabilities {acceptInsecureCerts: false, browserName: chrome, browserVersion: 109.0.5414.120, chrome: {chromedriverVersion: 109.0.5414.74 (e7c5703604da..., userDataDir: C:\Users\devik\AppData\Loca...}, goog:chromeOptions: {debuggerAddress: localhost:58678}, javascriptEnabled: true, networkConnectionEnabled: false, pageLoadStrategy: normal, platform: WINDOWS, platformName: WINDOWS, proxy: Proxy(), setWindowRect: true, strictFileInteractability: false, timeouts: {implicit: 0, pageLoad: 300000, script: 30000}, unhandledPromptBehavior: dismiss and notify, webauthn:extension:credBlob: true, webauthn:extension:largeBlob: true, webauthn:virtualAuthenticators: true}
Session ID: 15c97cadb442658af3dc3707463cd888
	at org.openqa.selenium.remote.http.W3CHttpResponseCodec.createException(W3CHttpResponseCodec.java:187)
	at org.openqa.selenium.remote.http.W3CHttpResponseCodec.decode(W3CHttpResponseCodec.java:122)
	at org.openqa.selenium.remote.http.W3CHttpResponseCodec.decode(W3CHttpResponseCodec.java:49)
	at org.openqa.selenium.remote.HttpCommandExecutor.execute(HttpCommandExecutor.java:158)
	at org.openqa.selenium.remote.service.DriverCommandExecutor.execute(DriverCommandExecutor.java:83)
	at org.openqa.selenium.remote.RemoteWebDriver.execute(RemoteWebDriver.java:548)
	at org.openqa.selenium.remote.RemoteWebDriver.get(RemoteWebDriver.java:276)
	at com.fb.base.BaseClass.initialization(BaseClass.java:43)
	at com.fb.test.HomePageTest.setUp(HomePageTest.java:28)
... Removed 32 stack frames]]>
    </failure>
  </testcase> <!-- @BeforeMethod setUp -->
  <testcase classname="com.fb.test.HomePageTest" name="@BeforeMethod setUp" time="0.0">
    <skipped/>
  </testcase> <!-- @BeforeMethod setUp -->
  <testcase classname="com.fb.test.LoginPageDataTest" name="loginTest" time="0.482"/>
  <testcase classname="com.fb.test.LoginPageDataTest" name="multipleUsersLoginTest" time="0.34"/>
  <testcase classname="com.fb.test.LoginPageDataTest" name="multipleUsersLoginTest" time="0.526"/>
  <testcase classname="com.fb.test.LoginPageDataTest" name="multipleUsersLoginTest" time="0.409"/>
  <testcase classname="com.fb.test.LoginPageDataTest" name="multipleUsersLoginTest" time="0.372"/>
  <testcase classname="com.fb.test.LoginPageTest" name="loginPageTitleTest" time="0.025"/>
  <testcase classname="com.fb.test.HomePageTest" name="verifyHomePageTitleTest" time="5.123"/>
  <testcase classname="com.fb.test.ProfilePageTest" name="verifyProfilePageTitleTest" time="0.371"/>
  <testcase classname="com.fb.test.LoginPageTest" name="loginTest" time="4.417"/>
  <testcase classname="com.fb.test.HomePageTest" name="verifyFriendsLinkTest" time="3.358"/>
  <testcase classname="com.fb.test.ProfilePageTest" name="verifyAddStoryTest" time="4.358"/>
  <testcase classname="com.fb.test.HomePageTest" name="verifyGroupsLinkTest" time="0.0">
    <skipped/>
  </testcase> <!-- verifyGroupsLinkTest -->
  <testcase classname="com.fb.test.HomePageTest" name="verifyProfilePageTest" time="0.0">
    <skipped/>
  </testcase> <!-- verifyProfilePageTest -->
</testsuite> <!--  FACEBOOK App Test Cases -->
